<?xml version="1.0" encoding="UTF-8"?>
<!-- Generated by org.testng.reporters.JUnitXMLReporter -->
<testsuite ignored="0" hostname="EG-PF3DSW0A" failures="0" tests="4" name="Test1" time="4.082" errors="0" timestamp="2024-02-14T11:16:35 EET">
  <testcase classname="tests.LoginTest" name="SuccessLogin" time="0.711"/>
  <testcase classname="tests.LoginTest" name="Logout" time="0.672"/>
  <testcase classname="tests.LoginTest" name="FailedLogin" time="0.448"/>
  <testcase classname="tests.LoginTest" name="ReLogin" time="0.565"/>
</testsuite> <!-- Test1 -->
