<?xml version="1.0" encoding="UTF-8"?>
<!-- Generated by org.testng.reporters.JUnitXMLReporter -->
<testsuite ignored="0" hostname="EG-PF3DSW0A" failures="0" tests="3" name="Default test" time="12.975" errors="0" timestamp="2024-02-14T14:07:04 EET">
  <testcase classname="tests.AddToCardTest" name="SuccessLogin" time="0.859"/>
  <testcase classname="tests.AddToCardTest" name="AddToCard" time="0.863"/>
  <testcase classname="tests.AddToCardTest" name="RemoveFromCard" time="0.436"/>
</testsuite> <!-- Default test -->
